崩溃
2024-02-27 21:44:31,817 main WARN Advanced terminal features are not available in this environment
[21:44:32] [main/INFO] [cp.mo.mo.Launcher/MODLAUNCHER]: ModLauncher running: args [--username, ialdaiaxiariyay, --version, 1.18.2-Forge_40.2.17, --gameDir, D:\pcldt\pcl2\.minecraft\versions\1.18.2-Forge_40.2.17, --assetsDir, D:\pcldt\pcl2\.minecraft\assets, --assetIndex, 1.18, --uuid, acbb53b96adf4bc4be91c4e00971dfe8, --accessToken, ????????, --clientId, ${clientid}, --xuid, ${auth_xuid}, --userType, msa, --versionType, PCL, --width, 854, --height, 480, --launchTarget, forgeclient, --fml.forgeVersion, 40.2.17, --fml.mcVersion, 1.18.2, --fml.forgeGroup, net.minecraftforge, --fml.mcpVersion, 20220404.173914]
[21:44:32] [main/INFO] [cp.mo.mo.Launcher/MODLAUNCHER]: ModLauncher 9.1.3+9.1.3+main.9b69c82a starting: java version 17.0.9 by Eclipse Adoptium
[21:44:33] [main/INFO] [mixin/]: SpongePowered MIXIN Subsystem Version=0.8.5 Source=union:/D:/pcldt/pcl2/.minecraft/libraries/org/spongepowered/mixin/0.8.5/mixin-0.8.5.jar%2348!/ Service=ModLauncher Env=CLIENT
[2024-02-27 21:44:33] [INFO]: I18nUpdate Mod 3.5.3 is loaded in 1.18.2 with Forge
[2024-02-27 21:44:34] [INFO]: Converting: C:\Users\ialdaiaxiariyay\.i18nupdatemod\1.18\Minecraft-Mod-Language-Modpack-1-18.zip
[2024-02-27 21:44:36] [INFO]: Converted: [C:\Users\ialdaiaxiariyay\.i18nupdatemod\1.18\Minecraft-Mod-Language-Modpack-1-18.zip] -> C:\Users\ialdaiaxiariyay\.i18nupdatemod\1.18.2\Minecraft-Mod-Language-Modpack-Converted-1.18.2.zip
[2024-02-27 21:44:36] [INFO]: Synchronized: C:\Users\ialdaiaxiariyay\.i18nupdatemod\1.18.2\Minecraft-Mod-Language-Modpack-Converted-1.18.2.zip -> D:\pcldt\pcl2\.minecraft\versions\1.18.2-Forge_40.2.17\resourcepacks\Minecraft-Mod-Language-Modpack-Converted-1.18.2.zip
[21:44:38] [main/WARN] [ne.mi.fm.lo.mo.ModFileParser/LOADING]: Mod file D:\pcldt\pcl2\.minecraft\libraries\net\minecraftforge\fmlcore\1.18.2-40.2.17\fmlcore-1.18.2-40.2.17.jar is missing mods.toml file
[21:44:38] [main/WARN] [ne.mi.fm.lo.mo.ModFileParser/LOADING]: Mod file D:\pcldt\pcl2\.minecraft\libraries\net\minecraftforge\javafmllanguage\1.18.2-40.2.17\javafmllanguage-1.18.2-40.2.17.jar is missing mods.toml file
[21:44:38] [main/WARN] [ne.mi.fm.lo.mo.ModFileParser/LOADING]: Mod file D:\pcldt\pcl2\.minecraft\libraries\net\minecraftforge\lowcodelanguage\1.18.2-40.2.17\lowcodelanguage-1.18.2-40.2.17.jar is missing mods.toml file
[21:44:38] [main/WARN] [ne.mi.fm.lo.mo.ModFileParser/LOADING]: Mod file D:\pcldt\pcl2\.minecraft\libraries\net\minecraftforge\mclanguage\1.18.2-40.2.17\mclanguage-1.18.2-40.2.17.jar is missing mods.toml file
[21:44:38] [main/INFO] [ne.mi.fm.lo.mo.JarInJarDependencyLocator/]: Found 2 dependencies adding them to mods collection
[21:44:47] [main/INFO] [mixin/]: Compatibility level set to JAVA_17
[21:44:47] [main/INFO] [cp.mo.mo.LaunchServiceHandler/MODLAUNCHER]: Launching target 'forgeclient' with arguments [--version, 1.18.2-Forge_40.2.17, --gameDir, D:\pcldt\pcl2\.minecraft\versions\1.18.2-Forge_40.2.17, --assetsDir, D:\pcldt\pcl2\.minecraft\assets, --uuid, acbb53b96adf4bc4be91c4e00971dfe8, --username, ialdaiaxiariyay, --assetIndex, 1.18, --accessToken, ????????, --clientId, ${clientid}, --xuid, ${auth_xuid}, --userType, msa, --versionType, PCL, --width, 854, --height, 480]
[21:44:48] [main/INFO] [Rubidium/]: Trying to switch memory allocators to work around memory leaks present with Jemalloc 5.0.0 through 5.2.0 on Windows
[21:44:48] [main/INFO] [Rubidium/]: Loaded configuration file for Rubidium: 28 options available, 0 override(s) found
Exception in thread "main" java.lang.reflect.InvocationTargetException
	at java.base/jdk.internal.reflect.NativeMethodAccessorImpl.invoke0(Native Method)
	at java.base/jdk.internal.reflect.NativeMethodAccessorImpl.invoke(NativeMethodAccessorImpl.java:77)
	at java.base/jdk.internal.reflect.DelegatingMethodAccessorImpl.invoke(DelegatingMethodAccessorImpl.java:43)
	at java.base/java.lang.reflect.Method.invoke(Method.java:568)
	at oolloo.jlw.Wrapper.invokeMain(Wrapper.java:71)
	at oolloo.jlw.Wrapper.main(Wrapper.java:51)
Caused by: java.lang.RuntimeException: java.lang.reflect.InvocationTargetException
	at MC-BOOTSTRAP/cpw.mods.modlauncher@9.1.3/cpw.mods.modlauncher.LaunchServiceHandlerDecorator.launch(LaunchServiceHandlerDecorator.java:39)
	at MC-BOOTSTRAP/cpw.mods.modlauncher@9.1.3/cpw.mods.modlauncher.LaunchServiceHandler.launch(LaunchServiceHandler.java:53)
	at MC-BOOTSTRAP/cpw.mods.modlauncher@9.1.3/cpw.mods.modlauncher.LaunchServiceHandler.launch(LaunchServiceHandler.java:71)
	at MC-BOOTSTRAP/cpw.mods.modlauncher@9.1.3/cpw.mods.modlauncher.Launcher.run(Launcher.java:106)
	at MC-BOOTSTRAP/cpw.mods.modlauncher@9.1.3/cpw.mods.modlauncher.Launcher.main(Launcher.java:77)
	at MC-BOOTSTRAP/cpw.mods.modlauncher@9.1.3/cpw.mods.modlauncher.BootstrapLaunchConsumer.accept(BootstrapLaunchConsumer.java:26)
	at MC-BOOTSTRAP/cpw.mods.modlauncher@9.1.3/cpw.mods.modlauncher.BootstrapLaunchConsumer.accept(BootstrapLaunchConsumer.java:23)
	at cpw.mods.bootstraplauncher@1.0.0/cpw.mods.bootstraplauncher.BootstrapLauncher.main(BootstrapLauncher.java:149)
	... 6 more
Caused by: java.lang.reflect.InvocationTargetException
	at java.base/jdk.internal.reflect.NativeMethodAccessorImpl.invoke0(Native Method)
	at java.base/jdk.internal.reflect.NativeMethodAccessorImpl.invoke(NativeMethodAccessorImpl.java:77)
	at java.base/jdk.internal.reflect.DelegatingMethodAccessorImpl.invoke(DelegatingMethodAccessorImpl.java:43)
	at java.base/java.lang.reflect.Method.invoke(Method.java:568)
	at MC-BOOTSTRAP/fmlloader@1.18.2-40.2.17/net.minecraftforge.fml.loading.targets.CommonClientLaunchHandler.lambda$launchService$0(CommonClientLaunchHandler.java:31)
	at MC-BOOTSTRAP/cpw.mods.modlauncher@9.1.3/cpw.mods.modlauncher.LaunchServiceHandlerDecorator.launch(LaunchServiceHandlerDecorator.java:37)
	... 13 more
Caused by: java.lang.RuntimeException: com.google.gson.JsonSyntaxException: Expected a com.google.gson.JsonObject but was com.google.gson.JsonPrimitive
	at MC-BOOTSTRAP/fmlloader@1.18.2-40.2.17/net.minecraftforge.fml.loading.BackgroundWaiter.runAndTick(BackgroundWaiter.java:29)
	at TRANSFORMER/minecraft@1.18.2/net.minecraft.client.main.Main.main(Main.java:138)
	... 19 more
Caused by: com.google.gson.JsonSyntaxException: Expected a com.google.gson.JsonObject but was com.google.gson.JsonPrimitive
	at MC-BOOTSTRAP/com.google.gson@2.8.9/com.google.gson.internal.bind.TypeAdapters$33$1.read(TypeAdapters.java:869)
	at MC-BOOTSTRAP/com.google.gson@2.8.9/com.google.gson.Gson.fromJson(Gson.java:963)
	at MC-BOOTSTRAP/com.google.gson@2.8.9/com.google.gson.Gson.fromJson(Gson.java:901)
	at TRANSFORMER/ae2@11.7.6/appeng.core.config.ConfigFileManager.load(ConfigFileManager.java:36)
	at TRANSFORMER/ae2@11.7.6/appeng.core.AEConfig.createConfigFileManager(AEConfig.java:99)
	at TRANSFORMER/ae2@11.7.6/appeng.core.AEConfig.<init>(AEConfig.java:73)
	at TRANSFORMER/ae2@11.7.6/appeng.core.AEConfig.load(AEConfig.java:127)
	at TRANSFORMER/ae2@11.7.6/appeng.core.AppEngBootstrap.runEarlyStartup(AppEngBootstrap.java:54)
	at TRANSFORMER/minecraft@1.18.2/net.minecraft.server.Bootstrap.handler$zzj000$initRegistries(Bootstrap.java:541)
	at TRANSFORMER/minecraft@1.18.2/net.minecraft.server.Bootstrap.m_135870_(Bootstrap.java:58)
	at TRANSFORMER/minecraft@1.18.2/net.minecraft.client.main.Main.lambda$main$0(Main.java:138)
	at java.base/java.util.concurrent.Executors$RunnableAdapter.call(Executors.java:539)
	at java.base/java.util.concurrent.FutureTask.run(FutureTask.java:264)
	at java.base/java.util.concurrent.ThreadPoolExecutor.runWorker(ThreadPoolExecutor.java:1136)
	at java.base/java.util.concurrent.ThreadPoolExecutor$Worker.run(ThreadPoolExecutor.java:635)
	at java.base/java.lang.Thread.run(Thread.java:840)
崩溃2
[272月2024 21:30:05.487] [main/INFO] [cpw.mods.modlauncher.Launcher/MODLAUNCHER]: ModLauncher running: args [--username, ialdaiaxiariyay, --version, 1.18.2-Forge_40.2.17, --gameDir, D:\pcldt\pcl2\.minecraft\versions\1.18.2-Forge_40.2.17, --assetsDir, D:\pcldt\pcl2\.minecraft\assets, --assetIndex, 1.18, --uuid, acbb53b96adf4bc4be91c4e00971dfe8, --accessToken, ????????, --clientId, ${clientid}, --xuid, ${auth_xuid}, --userType, msa, --versionType, PCL, --width, 854, --height, 480, --launchTarget, forgeclient, --fml.forgeVersion, 40.2.17, --fml.mcVersion, 1.18.2, --fml.forgeGroup, net.minecraftforge, --fml.mcpVersion, 20220404.173914]
[272月2024 21:30:05.506] [main/INFO] [cpw.mods.modlauncher.Launcher/MODLAUNCHER]: ModLauncher 9.1.3+9.1.3+main.9b69c82a starting: java version 17.0.9 by Eclipse Adoptium
[272月2024 21:30:05.849] [main/INFO] [mixin/]: SpongePowered MIXIN Subsystem Version=0.8.5 Source=union:/D:/pcldt/pcl2/.minecraft/libraries/org/spongepowered/mixin/0.8.5/mixin-0.8.5.jar%2348!/ Service=ModLauncher Env=CLIENT
[272月2024 21:30:08.130] [main/WARN] [net.minecraftforge.fml.loading.moddiscovery.ModFileParser/LOADING]: Mod file D:\pcldt\pcl2\.minecraft\libraries\net\minecraftforge\fmlcore\1.18.2-40.2.17\fmlcore-1.18.2-40.2.17.jar is missing mods.toml file
[272月2024 21:30:08.136] [main/WARN] [net.minecraftforge.fml.loading.moddiscovery.ModFileParser/LOADING]: Mod file D:\pcldt\pcl2\.minecraft\libraries\net\minecraftforge\javafmllanguage\1.18.2-40.2.17\javafmllanguage-1.18.2-40.2.17.jar is missing mods.toml file
[272月2024 21:30:08.136] [main/WARN] [net.minecraftforge.fml.loading.moddiscovery.ModFileParser/LOADING]: Mod file D:\pcldt\pcl2\.minecraft\libraries\net\minecraftforge\lowcodelanguage\1.18.2-40.2.17\lowcodelanguage-1.18.2-40.2.17.jar is missing mods.toml file
[272月2024 21:30:08.136] [main/WARN] [net.minecraftforge.fml.loading.moddiscovery.ModFileParser/LOADING]: Mod file D:\pcldt\pcl2\.minecraft\libraries\net\minecraftforge\mclanguage\1.18.2-40.2.17\mclanguage-1.18.2-40.2.17.jar is missing mods.toml file
[272月2024 21:30:08.320] [main/INFO] [net.minecraftforge.fml.loading.moddiscovery.JarInJarDependencyLocator/]: Found 2 dependencies adding them to mods collection
[272月2024 21:30:08.457] [main/ERROR] [net.minecraftforge.fml.loading.ModSorter/LOADING]: Missing or unsupported mandatory dependencies:
	Mod ID: 'cyclopscore', Requested by: 'everlastingabilities', Expected range: '[1.15.0,)', Actual version: '[MISSING]'
[272月2024 21:30:11.662] [main/INFO] [mixin/]: Compatibility level set to JAVA_17
[272月2024 21:30:11.784] [main/INFO] [cpw.mods.modlauncher.LaunchServiceHandler/MODLAUNCHER]: Launching target 'forgeclient' with arguments [--version, 1.18.2-Forge_40.2.17, --gameDir, D:\pcldt\pcl2\.minecraft\versions\1.18.2-Forge_40.2.17, --assetsDir, D:\pcldt\pcl2\.minecraft\assets, --uuid, acbb53b96adf4bc4be91c4e00971dfe8, --username, ialdaiaxiariyay, --assetIndex, 1.18, --accessToken, ????????, --clientId, ${clientid}, --xuid, ${auth_xuid}, --userType, msa, --versionType, PCL, --width, 854, --height, 480]
[272月2024 21:30:12.020] [main/INFO] [Rubidium/]: Trying to switch memory allocators to work around memory leaks present with Jemalloc 5.0.0 through 5.2.0 on Windows
[272月2024 21:30:12.026] [main/INFO] [Rubidium/]: Loaded configuration file for Rubidium: 28 options available, 0 override(s) found
